<?xml version="1.0" encoding="UTF-8"?>
<!-- Generated by org.testng.reporters.JUnitReportReporter -->
<testsuite hostname="TARUNOM-PC" name="com.prakash.automation.businessScripts.FlipkartLoginTestPageObject" tests="1" failures="0" timestamp="22 Jan 2018 14:23:09 GMT" time="17.271" errors="0">
  <testcase name="login" time="17.271" classname="com.prakash.automation.businessScripts.FlipkartLoginTestPageObject"/>
</testsuite> <!-- com.prakash.automation.businessScripts.FlipkartLoginTestPageObject -->
