<?xml version="1.0" encoding="UTF-8"?>
<!-- Generated by org.testng.reporters.JUnitReportReporter -->
<testsuite hostname="TARUNOM-PC" name="com.prakash.automation.businessScripts.FlipkartElectronicsModule" tests="1" failures="0" timestamp="26 Jan 2018 07:42:22 GMT" time="0.731" errors="0">
  <testcase name="moduleElectronics" time="0.731" classname="com.prakash.automation.businessScripts.FlipkartElectronicsModule"/>
</testsuite> <!-- com.prakash.automation.businessScripts.FlipkartElectronicsModule -->
