<?xml version="1.0" encoding="UTF-8"?>
<!-- Generated by org.testng.reporters.JUnitReportReporter -->
<testsuite hostname="TARUNOM-PC" name="com.prakash.automation.businessScripts.FlipkartLoginTestPOM" tests="1" failures="0" timestamp="22 Jan 2018 15:19:30 GMT" time="22.115" errors="0">
  <testcase name="login" time="22.115" classname="com.prakash.automation.businessScripts.FlipkartLoginTestPOM"/>
</testsuite> <!-- com.prakash.automation.businessScripts.FlipkartLoginTestPOM -->
